android/app/build/intermediates/manifest_merge_blame_file/debug/manifest-merger-blame-debug-report.txt
1<?xml version="1.0" encoding="utf-8"?>
2<manifest xmlns:android="http://schemas.android.com/apk/res/android"
3    package="com.ethereumrnboilerplate"
4    android:versionCode="1"
5    android:versionName="1.0" >
6
7    <uses-sdk
8        android:minSdkVersion="21"
9        android:targetSdkVersion="30" />
10
11    <uses-permission android:name="android.permission.SYSTEM_ALERT_WINDOW" />
11-->src\debug\AndroidManifest.xml:5:5-77
11-->src\debug\AndroidManifest.xml:5:22-75
12    <uses-permission android:name="android.permission.INTERNET" />
12-->src\main\AndroidManifest.xml:4:5-67
12-->src\main\AndroidManifest.xml:4:22-64
13
14    <queries>
14-->src\main\AndroidManifest.xml:24:1-27:11
15        <package android:name="io.metamask" />
15-->src\main\AndroidManifest.xml:25:1-38
15-->src\main\AndroidManifest.xml:25:10-36
16        <package android:name="com.wallet.crypto.trustapp" />
16-->src\main\AndroidManifest.xml:26:1-53
16-->src\main\AndroidManifest.xml:26:10-51
17    </queries>
18
19    <uses-permission android:name="android.permission.ACCESS_WIFI_STATE" />
19-->[com.facebook.flipper:flipper:0.99.0] AndroidManifest.xml:16:5-76
19-->[com.facebook.flipper:flipper:0.99.0] AndroidManifest.xml:16:22-73
20    <uses-permission android:name="android.permission.ACCESS_NETWORK_STATE" />
20-->[:react-native-os] AndroidManifest.xml:10:5-79
20-->[:react-native-os] AndroidManifest.xml:10:22-76
21
22    <application
22-->src\main\AndroidManifest.xml:6:5-23:19
23        android:name="com.ethereumrnboilerplate.MainApplication"
23-->src\main\AndroidManifest.xml:7:7-38
24        android:allowBackup="false"
24-->src\main\AndroidManifest.xml:10:7-34
25        android:appComponentFactory="androidx.core.app.CoreComponentFactory"
25-->[androidx.core:core:1.5.0] AndroidManifest.xml:24:18-86
26        android:debuggable="true"
27        android:icon="@mipmap/ic_launcher"
27-->src\main\AndroidManifest.xml:9:7-41
28        android:label="@string/app_name"
28-->src\main\AndroidManifest.xml:8:7-39
29        android:theme="@style/AppTheme"
29-->src\main\AndroidManifest.xml:11:7-38
30        android:usesCleartextTraffic="true" >
30-->src\debug\AndroidManifest.xml:8:9-44
31        <activity android:name="com.facebook.react.devsupport.DevSettingsActivity" />
31-->src\debug\AndroidManifest.xml:11:9-86
31-->src\debug\AndroidManifest.xml:11:19-83
32        <activity
32-->src\main\AndroidManifest.xml:12:7-22:18
33            android:name="com.ethereumrnboilerplate.MainActivity"
33-->src\main\AndroidManifest.xml:13:9-37
34            android:configChanges="keyboard|keyboardHidden|orientation|screenSize|uiMode"
34-->src\main\AndroidManifest.xml:15:9-86
35            android:label="@string/app_name"
35-->src\main\AndroidManifest.xml:14:9-41
36            android:launchMode="singleTask"
36-->src\main\AndroidManifest.xml:16:9-40
37            android:windowSoftInputMode="adjustResize" >
37-->src\main\AndroidManifest.xml:17:9-51
38            <intent-filter>
38-->src\main\AndroidManifest.xml:18:9-21:25
39                <action android:name="android.intent.action.MAIN" />
39-->src\main\AndroidManifest.xml:19:13-65
39-->src\main\AndroidManifest.xml:19:21-62
40
41                <category android:name="android.intent.category.LAUNCHER" />
41-->src\main\AndroidManifest.xml:20:13-73
41-->src\main\AndroidManifest.xml:20:23-70
42            </intent-filter>
43        </activity>
44
45        <provider
45-->[:react-native-webview] AndroidManifest.xml:10:9-18:20
46            android:name="com.reactnativecommunity.webview.RNCWebViewFileProvider"
46-->[:react-native-webview] AndroidManifest.xml:11:13-83
47            android:authorities="com.ethereumrnboilerplate.fileprovider"
47-->[:react-native-webview] AndroidManifest.xml:12:13-64
48            android:exported="false"
48-->[:react-native-webview] AndroidManifest.xml:13:13-37
49            android:grantUriPermissions="true" >
49-->[:react-native-webview] AndroidManifest.xml:14:13-47
50            <meta-data
50-->[:react-native-webview] AndroidManifest.xml:15:13-17:63
51                android:name="android.support.FILE_PROVIDER_PATHS"
51-->[:react-native-webview] AndroidManifest.xml:16:17-67
52                android:resource="@xml/file_provider_paths" />
52-->[:react-native-webview] AndroidManifest.xml:17:17-60
53        </provider>
54    </application>
55
56</manifest>